[debug] [2020-12-29T19:25:41.098Z] ----------------------------------------------------------------------
[debug] [2020-12-29T19:25:41.110Z] Command:       C:\Program Files\nodejs\node.exe C:\Users\b\AppData\Roaming\npm\node_modules\firebase-tools\lib\bin\firebase.js init
[debug] [2020-12-29T19:25:41.113Z] CLI Version:   9.1.0
[debug] [2020-12-29T19:25:41.114Z] Platform:      win32
[debug] [2020-12-29T19:25:41.114Z] Node Version:  v14.15.3
[debug] [2020-12-29T19:25:41.118Z] Time:          Tue Dec 29 2020 22:25:41 GMT+0300 (East Africa Time)
[debug] [2020-12-29T19:25:41.119Z] ----------------------------------------------------------------------
[debug] [2020-12-29T19:25:41.120Z] 
[debug] [2020-12-29T19:25:41.157Z] > command requires scopes: ["email","openid","https://www.googleapis.com/auth/cloudplatformprojects.readonly","https://www.googleapis.com/auth/firebase","https://www.googleapis.com/auth/cloud-platform"]
[debug] [2020-12-29T19:25:41.160Z] > authorizing via signed-in user
[info] 
     ######## #### ########  ######## ########     ###     ######  ########
     ##        ##  ##     ## ##       ##     ##  ##   ##  ##       ##
     ######    ##  ########  ######   ########  #########  ######  ######
     ##        ##  ##    ##  ##       ##     ## ##     ##       ## ##
     ##       #### ##     ## ######## ########  ##     ##  ######  ########

You're about to initialize a Firebase project in this directory:

  C:\Users\b\Downloads\Compressed\BitNote-main

[info] 
=== Project Setup
[info] 
[info] First, let's associate this project directory with a Firebase project.
[info] You can create multiple project aliases by running firebase use --add, 
[info] but for now we'll just set up a default project.
[info] 
[debug] [2020-12-29T19:26:47.010Z] > refreshing access token with scopes: ["email","https://www.googleapis.com/auth/cloud-platform","https://www.googleapis.com/auth/cloudplatformprojects.readonly","https://www.googleapis.com/auth/firebase","openid"]
[debug] [2020-12-29T19:26:47.014Z] >>> HTTP REQUEST POST https://www.googleapis.com/oauth2/v3/token  
 <request body omitted>
[debug] [2020-12-29T19:26:48.342Z] <<< HTTP RESPONSE 200 {"pragma":"no-cache","expires":"Mon, 01 Jan 1990 00:00:00 GMT","date":"Tue, 29 Dec 2020 19:26:48 GMT","cache-control":"no-cache, no-store, max-age=0, must-revalidate","content-type":"application/json; charset=utf-8","vary":"X-Origin, Referer, Origin,Accept-Encoding","server":"scaffolding on HTTPServer2","x-xss-protection":"0","x-frame-options":"SAMEORIGIN","x-content-type-options":"nosniff","alt-svc":"h3-29=\":443\"; ma=2592000,h3-T051=\":443\"; ma=2592000,h3-Q050=\":443\"; ma=2592000,h3-Q046=\":443\"; ma=2592000,h3-Q043=\":443\"; ma=2592000,quic=\":443\"; ma=2592000; v=\"46,43\"","accept-ranges":"none","transfer-encoding":"chunked"}
[debug] [2020-12-29T19:26:48.473Z] >>> HTTP REQUEST GET https://firebase.googleapis.com/v1beta1/projects?pageSize=100  
 
[debug] [2020-12-29T19:26:49.159Z] <<< HTTP RESPONSE 200 {"content-type":"application/json; charset=UTF-8","vary":"X-Origin, Referer, Origin,Accept-Encoding","date":"Tue, 29 Dec 2020 19:26:49 GMT","server":"ESF","cache-control":"private","x-xss-protection":"0","x-frame-options":"SAMEORIGIN","x-content-type-options":"nosniff","alt-svc":"h3-29=\":443\"; ma=2592000,h3-T051=\":443\"; ma=2592000,h3-Q050=\":443\"; ma=2592000,h3-Q046=\":443\"; ma=2592000,h3-Q043=\":443\"; ma=2592000,quic=\":443\"; ma=2592000; v=\"46,43\"","accept-ranges":"none","transfer-encoding":"chunked"}
[info] i  Using project secproject-3e622 (secproject) 
[info] 
=== Hosting Setup
[info] 
[info] Your public directory is the folder (relative to your project directory) that
[info] will contain Hosting assets to be uploaded with firebase deploy. If you
[info] have a build process for your assets, use your build's output directory.
[info] 
[debug] [2020-12-29T19:29:47.298Z] >>> [apiv2][query] GET https://www.gstatic.com/firebasejs/releases.json [none]
[debug] [2020-12-29T19:29:47.720Z] <<< [apiv2][status] GET https://www.gstatic.com/firebasejs/releases.json 200
[debug] [2020-12-29T19:29:47.722Z] <<< [apiv2][body] GET https://www.gstatic.com/firebasejs/releases.json {"current":{"version":"8.2.1","browserURL":"https://www.gstatic.com/firebasejs/8.2.1/firebase.js","packageURL":"https://www.gstatic.com/firebasejs/8.2.1/firebase.tgz"},"live":{"version":"8.2","browserURL":"https://www.gstatic.com/firebasejs/live/8.2/firebase.js","packageURL":"https://www.gstatic.com/firebasejs/live/8.2/firebase.tgz"},"components":{"analytics":"https://www.gstatic.com/firebasejs/8.2.1/firebase-analytics.js","app":"https://www.gstatic.com/firebasejs/8.2.1/firebase-app.js","auth":"https://www.gstatic.com/firebasejs/8.2.1/firebase-auth.js","database":"https://www.gstatic.com/firebasejs/8.2.1/firebase-database.js","firestore":"https://www.gstatic.com/firebasejs/8.2.1/firebase-firestore.js","functions":"https://www.gstatic.com/firebasejs/8.2.1/firebase-functions.js","installations":"https://www.gstatic.com/firebasejs/8.2.1/firebase-installations.js","messaging":"https://www.gstatic.com/firebasejs/8.2.1/firebase-messaging.js","storage":"https://www.gstatic.com/firebasejs/8.2.1/firebase-storage.js","performance":"https://www.gstatic.com/firebasejs/8.2.1/firebase-performance.js","remote-config":"https://www.gstatic.com/firebasejs/8.2.1/firebase-remote-config.js","firestore.memory":"https://www.gstatic.com/firebasejs/8.2.1/firebase-firestore.memory.js"}}
[info] +  Wrote build/index.html 
[info] 
[info] i  Didn't detect a .git folder. Assuming C:\Users\b\Downloads\Compressed\BitNote-main is the project root. 
[info] i  Authorizing with GitHub to upload your service account to a GitHub repository's secrets store. 
[info] 
[info] Visit this URL on this device to log in:
[info] https://github.com/login/oauth/authorize?client_id=89cf50f02ac6aaed3484&state=627033991&redirect_uri=http%3A%2F%2Flocalhost%3A9005&scope=read%3Auser%20repo%20public_repo
[info] 
[info] Waiting for authentication...
[debug] [2020-12-29T19:34:25.964Z] >>> HTTP REQUEST POST https://github.com/login/oauth/access_token  
 {"client_id":"89cf50f02ac6aaed3484","client_secret":"3330d14abc895d9a74d5f17cd7a00711fa2c5bf0","code":"d4dda810d07e154577db","redirect_uri":"http://localhost:9005","state":"627033991"}
[debug] [2020-12-29T19:34:26.862Z] <<< HTTP RESPONSE 200 {"date":"Tue, 29 Dec 2020 19:34:26 GMT","content-type":"application/json; charset=utf-8","transfer-encoding":"chunked","server":"GitHub.com","status":"200 OK","vary":"X-PJAX, Accept-Encoding, Accept, X-Requested-With, Accept-Encoding","etag":"W/\"35c929c4c6bae2b6a2ca895f20de4f50\"","cache-control":"max-age=0, private, must-revalidate","strict-transport-security":"max-age=31536000; includeSubdomains; preload","x-frame-options":"deny","x-content-type-options":"nosniff","x-xss-protection":"1; mode=block","referrer-policy":"origin-when-cross-origin, strict-origin-when-cross-origin","expect-ct":"max-age=2592000, report-uri=\"https://api.github.com/_private/browser/errors\"","content-security-policy":"default-src 'none'; base-uri 'self'; block-all-mixed-content; connect-src 'self' uploads.github.com www.githubstatus.com collector.githubapp.com api.github.com github-cloud.s3.amazonaws.com github-production-repository-file-5c1aeb.s3.amazonaws.com github-production-upload-manifest-file-7fdce7.s3.amazonaws.com github-production-user-asset-6210df.s3.amazonaws.com cdn.optimizely.com logx.optimizely.com/v1/events wss://alive.github.com; font-src github.githubassets.com; form-action 'self' github.com gist.github.com; frame-ancestors 'none'; frame-src render.githubusercontent.com; img-src 'self' data: github.githubassets.com identicons.github.com collector.githubapp.com github-cloud.s3.amazonaws.com *.githubusercontent.com; manifest-src 'self'; media-src 'none'; script-src github.githubassets.com; style-src 'unsafe-inline' github.githubassets.com; worker-src github.com/socket-worker-5029ae85.js gist.github.com/socket-worker-5029ae85.js","x-github-request-id":"4CFA:4C2C:112AC750:18C079A1:5FEB84C2"}
[debug] [2020-12-29T19:34:26.866Z] >>> [apiv2][query] GET https://api.github.com/user [none]
[debug] [2020-12-29T19:34:27.462Z] <<< [apiv2][status] GET https://api.github.com/user 200
[debug] [2020-12-29T19:34:27.463Z] <<< [apiv2][body] GET https://api.github.com/user {"login":"Henokaa","id":69524541,"node_id":"MDQ6VXNlcjY5NTI0NTQx","avatar_url":"https://avatars0.githubusercontent.com/u/69524541?v=4","gravatar_id":"","url":"https://api.github.com/users/Henokaa","html_url":"https://github.com/Henokaa","followers_url":"https://api.github.com/users/Henokaa/followers","following_url":"https://api.github.com/users/Henokaa/following{/other_user}","gists_url":"https://api.github.com/users/Henokaa/gists{/gist_id}","starred_url":"https://api.github.com/users/Henokaa/starred{/owner}{/repo}","subscriptions_url":"https://api.github.com/users/Henokaa/subscriptions","organizations_url":"https://api.github.com/users/Henokaa/orgs","repos_url":"https://api.github.com/users/Henokaa/repos","events_url":"https://api.github.com/users/Henokaa/events{/privacy}","received_events_url":"https://api.github.com/users/Henokaa/received_events","type":"User","site_admin":false,"name":null,"company":null,"blog":"","location":null,"email":null,"hireable":null,"bio":null,"twitter_username":null,"public_repos":5,"public_gists":0,"followers":0,"following":0,"created_at":"2020-08-11T15:51:05Z","updated_at":"2020-12-29T19:34:16Z","private_gists":0,"total_private_repos":4,"owned_private_repos":4,"disk_usage":80229,"collaborators":0,"two_factor_authentication":false,"plan":{"name":"pro","space":976562499,"collaborators":0,"private_repos":9999}}
[info] 
[info] +  Success! Logged into GitHub as Henokaa 
[info] 
[debug] [2020-12-29T19:36:33.655Z] >>> [apiv2][query] GET https://api.github.com/repos/BitNote/actions/secrets/public-key type=owner
[debug] [2020-12-29T19:36:34.162Z] <<< [apiv2][status] GET https://api.github.com/repos/BitNote/actions/secrets/public-key 404
[debug] [2020-12-29T19:36:34.164Z] <<< [apiv2][body] GET https://api.github.com/repos/BitNote/actions/secrets/public-key {"message":"Not Found","documentation_url":"https://docs.github.com/rest"}
[debug] [2020-12-29T19:36:47.958Z] >>> [apiv2][query] GET https://api.github.com/repos/BitNote/actions/secrets/public-key type=owner
[debug] [2020-12-29T19:36:48.492Z] <<< [apiv2][status] GET https://api.github.com/repos/BitNote/actions/secrets/public-key 404
[debug] [2020-12-29T19:36:48.493Z] <<< [apiv2][body] GET https://api.github.com/repos/BitNote/actions/secrets/public-key {"message":"Not Found","documentation_url":"https://docs.github.com/rest"}
